#############################################################################
# Makefile for building: libLog.so.1.0.0
# Generated by qmake (2.01a) (Qt 4.8.5) on: Sat Aug 18 09:36:10 2018
# Project:  ../Log.pro
# Template: lib
# Command: /home/zhangrx/QT/qt/bin/qmake -o Makefile.Log ../Log.pro
#############################################################################

####### Compiler, tools and options

CC            = arm-none-linux-gnueabi-gcc -lts
CXX           = arm-none-linux-gnueabi-g++ -lts
DEFINES       = -DLOG -DQT_NO_DEBUG -DQT_NETWORK_LIB -DQT_CORE_LIB -DQT_SHARED
CFLAGS        = -pipe -O2 -Wall -W -D_REENTRANT -fPIC $(DEFINES)
CXXFLAGS      = -pipe -O2 -Wall -W -D_REENTRANT -fPIC $(DEFINES)
INCPATH       = -I/home/zhangrx/QT/qt/mkspecs/qws/linux-arm-gnueabi-g++ -I../../CSCU_A1 -I/home/zhangrx/QT/qt/include/QtCore -I/home/zhangrx/QT/qt/include/QtNetwork -I/home/zhangrx/QT/qt/include -I../Log -I../Log -Ibuild_Log -I/home/zhangrx/QT/qt/include -I.
LINK          = arm-none-linux-gnueabi-g++ -lts
LFLAGS        = -Wl,-O1 -Wl,-rpath,/home/hl/qt/lib -shared -Wl,-soname,libLog.so.1
LIBS          = $(SUBLIBS)  -L/home/zhangrx/QT/qt/lib -lQtNetwork -L/home/hl/em9280/rootfs-qt4.8/lib -L/home/hl/qt/lib -lQtCore -lpthread 
AR            = arm-none-linux-gnueabi-ar cqs
RANLIB        = 
QMAKE         = /home/zhangrx/QT/qt/bin/qmake
TAR           = tar -cf
COMPRESS      = gzip -9f
COPY          = cp -f
SED           = sed
COPY_FILE     = $(COPY)
COPY_DIR      = $(COPY) -r
STRIP         = arm-none-linux-gnueabi-strip
INSTALL_FILE  = install -m 644 -p
INSTALL_DIR   = $(COPY_DIR)
INSTALL_PROGRAM = install -m 755 -p
DEL_FILE      = rm -f
SYMLINK       = ln -f -s
DEL_DIR       = rmdir
MOVE          = mv -f
CHK_DIR_EXISTS= test -d
MKDIR         = mkdir -p

####### Output directory

OBJECTS_DIR   = build_Log/

####### Files

SOURCES       = ../Log/log4qt/appenderskeleton.cpp \
		../Log/log4qt/basicconfigurator.cpp \
		../Log/log4qt/consoleappender.cpp \
		../Log/log4qt/dailyrollingfileappender.cpp \
		../Log/log4qt/fileappender.cpp \
		../Log/log4qt/helpers/classlogger.cpp \
		../Log/log4qt/helpers/configuratorhelper.cpp \
		../Log/log4qt/helpers/datetime.cpp \
		../Log/log4qt/helpers/factory.cpp \
		../Log/log4qt/helpers/initialisationhelper.cpp \
		../Log/log4qt/helpers/logerror.cpp \
		../Log/log4qt/helpers/logobject.cpp \
		../Log/log4qt/helpers/logobjectptr.cpp \
		../Log/log4qt/helpers/optionconverter.cpp \
		../Log/log4qt/helpers/patternformatter.cpp \
		../Log/log4qt/helpers/properties.cpp \
		../Log/log4qt/hierarchy.cpp \
		../Log/log4qt/layout.cpp \
		../Log/log4qt/level.cpp \
		../Log/log4qt/log4qt.cpp \
		../Log/log4qt/logger.cpp \
		../Log/log4qt/loggerrepository.cpp \
		../Log/log4qt/loggingevent.cpp \
		../Log/log4qt/logmanager.cpp \
		../Log/log4qt/mdc.cpp \
		../Log/log4qt/ndc.cpp \
		../Log/log4qt/patternlayout.cpp \
		../Log/log4qt/propertyconfigurator.cpp \
		../Log/log4qt/rollingfileappender.cpp \
		../Log/log4qt/simplelayout.cpp \
		../Log/log4qt/spi/filter.cpp \
		../Log/log4qt/ttcclayout.cpp \
		../Log/log4qt/writerappender.cpp \
		../Log/log4qt/varia/debugappender.cpp \
		../Log/log4qt/varia/denyallfilter.cpp \
		../Log/log4qt/varia/nullappender.cpp \
		../Log/log4qt/varia/levelmatchfilter.cpp \
		../Log/log4qt/varia/levelrangefilter.cpp \
		../Log/log4qt/varia/listappender.cpp \
		../Log/log4qt/varia/stringmatchfilter.cpp \
		../Log/Log.cpp build_Log/moc_appender.cpp \
		build_Log/moc_appenderskeleton.cpp \
		build_Log/moc_consoleappender.cpp \
		build_Log/moc_dailyrollingfileappender.cpp \
		build_Log/moc_fileappender.cpp \
		build_Log/moc_configuratorhelper.cpp \
		build_Log/moc_logobject.cpp \
		build_Log/moc_layout.cpp \
		build_Log/moc_logger.cpp \
		build_Log/moc_patternlayout.cpp \
		build_Log/moc_rollingfileappender.cpp \
		build_Log/moc_simplelayout.cpp \
		build_Log/moc_filter.cpp \
		build_Log/moc_ttcclayout.cpp \
		build_Log/moc_writerappender.cpp \
		build_Log/moc_debugappender.cpp \
		build_Log/moc_denyallfilter.cpp \
		build_Log/moc_nullappender.cpp \
		build_Log/moc_levelmatchfilter.cpp \
		build_Log/moc_levelrangefilter.cpp \
		build_Log/moc_listappender.cpp \
		build_Log/moc_stringmatchfilter.cpp
OBJECTS       = build_Log/appenderskeleton.o \
		build_Log/basicconfigurator.o \
		build_Log/consoleappender.o \
		build_Log/dailyrollingfileappender.o \
		build_Log/fileappender.o \
		build_Log/classlogger.o \
		build_Log/configuratorhelper.o \
		build_Log/datetime.o \
		build_Log/factory.o \
		build_Log/initialisationhelper.o \
		build_Log/logerror.o \
		build_Log/logobject.o \
		build_Log/logobjectptr.o \
		build_Log/optionconverter.o \
		build_Log/patternformatter.o \
		build_Log/properties.o \
		build_Log/hierarchy.o \
		build_Log/layout.o \
		build_Log/level.o \
		build_Log/log4qt.o \
		build_Log/logger.o \
		build_Log/loggerrepository.o \
		build_Log/loggingevent.o \
		build_Log/logmanager.o \
		build_Log/mdc.o \
		build_Log/ndc.o \
		build_Log/patternlayout.o \
		build_Log/propertyconfigurator.o \
		build_Log/rollingfileappender.o \
		build_Log/simplelayout.o \
		build_Log/filter.o \
		build_Log/ttcclayout.o \
		build_Log/writerappender.o \
		build_Log/debugappender.o \
		build_Log/denyallfilter.o \
		build_Log/nullappender.o \
		build_Log/levelmatchfilter.o \
		build_Log/levelrangefilter.o \
		build_Log/listappender.o \
		build_Log/stringmatchfilter.o \
		build_Log/Log.o \
		build_Log/moc_appender.o \
		build_Log/moc_appenderskeleton.o \
		build_Log/moc_consoleappender.o \
		build_Log/moc_dailyrollingfileappender.o \
		build_Log/moc_fileappender.o \
		build_Log/moc_configuratorhelper.o \
		build_Log/moc_logobject.o \
		build_Log/moc_layout.o \
		build_Log/moc_logger.o \
		build_Log/moc_patternlayout.o \
		build_Log/moc_rollingfileappender.o \
		build_Log/moc_simplelayout.o \
		build_Log/moc_filter.o \
		build_Log/moc_ttcclayout.o \
		build_Log/moc_writerappender.o \
		build_Log/moc_debugappender.o \
		build_Log/moc_denyallfilter.o \
		build_Log/moc_nullappender.o \
		build_Log/moc_levelmatchfilter.o \
		build_Log/moc_levelrangefilter.o \
		build_Log/moc_listappender.o \
		build_Log/moc_stringmatchfilter.o
DIST          = /home/zhangrx/QT/qt/mkspecs/common/unix.conf \
		/home/zhangrx/QT/qt/mkspecs/common/linux.conf \
		/home/zhangrx/QT/qt/mkspecs/common/gcc-base.conf \
		/home/zhangrx/QT/qt/mkspecs/common/gcc-base-unix.conf \
		/home/zhangrx/QT/qt/mkspecs/common/g++-base.conf \
		/home/zhangrx/QT/qt/mkspecs/common/g++-unix.conf \
		/home/zhangrx/QT/qt/mkspecs/common/qws.conf \
		/home/zhangrx/QT/qt/mkspecs/qconfig.pri \
		/home/zhangrx/QT/qt/mkspecs/features/qt_functions.prf \
		/home/zhangrx/QT/qt/mkspecs/features/qt_config.prf \
		/home/zhangrx/QT/qt/mkspecs/features/exclusive_builds.prf \
		/home/zhangrx/QT/qt/mkspecs/features/default_pre.prf \
		../../CSCU_A1_Manage.pri \
		../../Log/log4qt/log4qt.pri \
		/home/zhangrx/QT/qt/mkspecs/features/release.prf \
		/home/zhangrx/QT/qt/mkspecs/features/default_post.prf \
		/home/zhangrx/QT/qt/mkspecs/features/shared.prf \
		/home/zhangrx/QT/qt/mkspecs/features/dll.prf \
		/home/zhangrx/QT/qt/mkspecs/features/warn_on.prf \
		/home/zhangrx/QT/qt/mkspecs/features/qt.prf \
		/home/zhangrx/QT/qt/mkspecs/features/unix/thread.prf \
		/home/zhangrx/QT/qt/mkspecs/features/moc.prf \
		/home/zhangrx/QT/qt/mkspecs/features/resources.prf \
		/home/zhangrx/QT/qt/mkspecs/features/uic.prf \
		/home/zhangrx/QT/qt/mkspecs/features/yacc.prf \
		/home/zhangrx/QT/qt/mkspecs/features/lex.prf \
		../Log.pro
QMAKE_TARGET  = Log
DESTDIR       = bin/
TARGET        = libLog.so.1.0.0
TARGETA       = bin/libLog.a
TARGETD       = libLog.so.1.0.0
TARGET0       = libLog.so
TARGET1       = libLog.so.1
TARGET2       = libLog.so.1.0

first: all
####### Implicit rules

.SUFFIXES: .o .c .cpp .cc .cxx .C

.cpp.o:
	$(CXX) -c $(CXXFLAGS) $(INCPATH) -o "$@" "$<"

.cc.o:
	$(CXX) -c $(CXXFLAGS) $(INCPATH) -o "$@" "$<"

.cxx.o:
	$(CXX) -c $(CXXFLAGS) $(INCPATH) -o "$@" "$<"

.C.o:
	$(CXX) -c $(CXXFLAGS) $(INCPATH) -o "$@" "$<"

.c.o:
	$(CC) -c $(CFLAGS) $(INCPATH) -o "$@" "$<"

####### Build rules

all: Makefile.Log  bin/$(TARGET)

bin/$(TARGET):  $(OBJECTS) $(SUBLIBS) $(OBJCOMP)  
	@$(CHK_DIR_EXISTS) bin/ || $(MKDIR) bin/ 
	-$(DEL_FILE) $(TARGET) $(TARGET0) $(TARGET1) $(TARGET2)
	$(LINK) $(LFLAGS) -o $(TARGET) $(OBJECTS) $(LIBS) $(OBJCOMP)
	-ln -s $(TARGET) $(TARGET0)
	-ln -s $(TARGET) $(TARGET1)
	-ln -s $(TARGET) $(TARGET2)
	-$(DEL_FILE) bin/$(TARGET)
	-$(DEL_FILE) bin/$(TARGET0)
	-$(DEL_FILE) bin/$(TARGET1)
	-$(DEL_FILE) bin/$(TARGET2)
	-$(MOVE) $(TARGET) $(TARGET0) $(TARGET1) $(TARGET2) bin/



staticlib: $(TARGETA)

$(TARGETA):  $(OBJECTS) $(OBJCOMP) 
	-$(DEL_FILE) $(TARGETA) 
	$(AR) $(TARGETA) $(OBJECTS)

Makefile.Log: ../Log.pro  /home/zhangrx/QT/qt/mkspecs/qws/linux-arm-gnueabi-g++/qmake.conf /home/zhangrx/QT/qt/mkspecs/common/unix.conf \
		/home/zhangrx/QT/qt/mkspecs/common/linux.conf \
		/home/zhangrx/QT/qt/mkspecs/common/gcc-base.conf \
		/home/zhangrx/QT/qt/mkspecs/common/gcc-base-unix.conf \
		/home/zhangrx/QT/qt/mkspecs/common/g++-base.conf \
		/home/zhangrx/QT/qt/mkspecs/common/g++-unix.conf \
		/home/zhangrx/QT/qt/mkspecs/common/qws.conf \
		/home/zhangrx/QT/qt/mkspecs/qconfig.pri \
		/home/zhangrx/QT/qt/mkspecs/features/qt_functions.prf \
		/home/zhangrx/QT/qt/mkspecs/features/qt_config.prf \
		/home/zhangrx/QT/qt/mkspecs/features/exclusive_builds.prf \
		/home/zhangrx/QT/qt/mkspecs/features/default_pre.prf \
		../CSCU_A1_Manage.pri \
		../Log/log4qt/log4qt.pri \
		/home/zhangrx/QT/qt/mkspecs/features/release.prf \
		/home/zhangrx/QT/qt/mkspecs/features/default_post.prf \
		/home/zhangrx/QT/qt/mkspecs/features/shared.prf \
		/home/zhangrx/QT/qt/mkspecs/features/dll.prf \
		/home/zhangrx/QT/qt/mkspecs/features/warn_on.prf \
		/home/zhangrx/QT/qt/mkspecs/features/qt.prf \
		/home/zhangrx/QT/qt/mkspecs/features/unix/thread.prf \
		/home/zhangrx/QT/qt/mkspecs/features/moc.prf \
		/home/zhangrx/QT/qt/mkspecs/features/resources.prf \
		/home/zhangrx/QT/qt/mkspecs/features/uic.prf \
		/home/zhangrx/QT/qt/mkspecs/features/yacc.prf \
		/home/zhangrx/QT/qt/mkspecs/features/lex.prf \
		/home/zhangrx/QT/qt/lib/libQtNetwork.prl \
		/home/zhangrx/QT/qt/lib/libQtCore.prl
	$(QMAKE) -o Makefile.Log ../Log.pro
/home/zhangrx/QT/qt/mkspecs/common/unix.conf:
/home/zhangrx/QT/qt/mkspecs/common/linux.conf:
/home/zhangrx/QT/qt/mkspecs/common/gcc-base.conf:
/home/zhangrx/QT/qt/mkspecs/common/gcc-base-unix.conf:
/home/zhangrx/QT/qt/mkspecs/common/g++-base.conf:
/home/zhangrx/QT/qt/mkspecs/common/g++-unix.conf:
/home/zhangrx/QT/qt/mkspecs/common/qws.conf:
/home/zhangrx/QT/qt/mkspecs/qconfig.pri:
/home/zhangrx/QT/qt/mkspecs/features/qt_functions.prf:
/home/zhangrx/QT/qt/mkspecs/features/qt_config.prf:
/home/zhangrx/QT/qt/mkspecs/features/exclusive_builds.prf:
/home/zhangrx/QT/qt/mkspecs/features/default_pre.prf:
../CSCU_A1_Manage.pri:
../Log/log4qt/log4qt.pri:
/home/zhangrx/QT/qt/mkspecs/features/release.prf:
/home/zhangrx/QT/qt/mkspecs/features/default_post.prf:
/home/zhangrx/QT/qt/mkspecs/features/shared.prf:
/home/zhangrx/QT/qt/mkspecs/features/dll.prf:
/home/zhangrx/QT/qt/mkspecs/features/warn_on.prf:
/home/zhangrx/QT/qt/mkspecs/features/qt.prf:
/home/zhangrx/QT/qt/mkspecs/features/unix/thread.prf:
/home/zhangrx/QT/qt/mkspecs/features/moc.prf:
/home/zhangrx/QT/qt/mkspecs/features/resources.prf:
/home/zhangrx/QT/qt/mkspecs/features/uic.prf:
/home/zhangrx/QT/qt/mkspecs/features/yacc.prf:
/home/zhangrx/QT/qt/mkspecs/features/lex.prf:
/home/zhangrx/QT/qt/lib/libQtNetwork.prl:
/home/zhangrx/QT/qt/lib/libQtCore.prl:
qmake:  FORCE
	@$(QMAKE) -o Makefile.Log ../Log.pro

dist: 
	@$(CHK_DIR_EXISTS) build_Log/Log1.0.0 || $(MKDIR) build_Log/Log1.0.0 
	$(COPY_FILE) --parents $(SOURCES) $(DIST) build_Log/Log1.0.0/ && $(COPY_FILE) --parents ../Log/log4qt/appender.h ../Log/log4qt/appenderskeleton.h ../Log/log4qt/basicconfigurator.h ../Log/log4qt/consoleappender.h ../Log/log4qt/dailyrollingfileappender.h ../Log/log4qt/fileappender.h ../Log/log4qt/helpers/classlogger.h ../Log/log4qt/helpers/configuratorhelper.h ../Log/log4qt/helpers/datetime.h ../Log/log4qt/helpers/factory.h ../Log/log4qt/helpers/initialisationhelper.h ../Log/log4qt/helpers/logerror.h ../Log/log4qt/helpers/logobject.h ../Log/log4qt/helpers/logobjectptr.h ../Log/log4qt/helpers/optionconverter.h ../Log/log4qt/helpers/patternformatter.h ../Log/log4qt/helpers/properties.h ../Log/log4qt/hierarchy.h ../Log/log4qt/layout.h ../Log/log4qt/level.h ../Log/log4qt/log4qt.h ../Log/log4qt/logger.h ../Log/log4qt/loggerrepository.h ../Log/log4qt/loggingevent.h ../Log/log4qt/logmanager.h ../Log/log4qt/mdc.h ../Log/log4qt/ndc.h ../Log/log4qt/patternlayout.h ../Log/log4qt/propertyconfigurator.h ../Log/log4qt/rollingfileappender.h ../Log/log4qt/simplelayout.h ../Log/log4qt/spi/filter.h ../Log/log4qt/ttcclayout.h ../Log/log4qt/writerappender.h ../Log/log4qt/varia/debugappender.h ../Log/log4qt/varia/denyallfilter.h ../Log/log4qt/varia/nullappender.h ../Log/log4qt/varia/levelmatchfilter.h ../Log/log4qt/varia/levelrangefilter.h ../Log/log4qt/varia/listappender.h ../Log/log4qt/varia/stringmatchfilter.h ../Log/Log.h build_Log/Log1.0.0/ && $(COPY_FILE) --parents ../Log/log4qt/appenderskeleton.cpp ../Log/log4qt/basicconfigurator.cpp ../Log/log4qt/consoleappender.cpp ../Log/log4qt/dailyrollingfileappender.cpp ../Log/log4qt/fileappender.cpp ../Log/log4qt/helpers/classlogger.cpp ../Log/log4qt/helpers/configuratorhelper.cpp ../Log/log4qt/helpers/datetime.cpp ../Log/log4qt/helpers/factory.cpp ../Log/log4qt/helpers/initialisationhelper.cpp ../Log/log4qt/helpers/logerror.cpp ../Log/log4qt/helpers/logobject.cpp ../Log/log4qt/helpers/logobjectptr.cpp ../Log/log4qt/helpers/optionconverter.cpp ../Log/log4qt/helpers/patternformatter.cpp ../Log/log4qt/helpers/properties.cpp ../Log/log4qt/hierarchy.cpp ../Log/log4qt/layout.cpp ../Log/log4qt/level.cpp ../Log/log4qt/log4qt.cpp ../Log/log4qt/logger.cpp ../Log/log4qt/loggerrepository.cpp ../Log/log4qt/loggingevent.cpp ../Log/log4qt/logmanager.cpp ../Log/log4qt/mdc.cpp ../Log/log4qt/ndc.cpp ../Log/log4qt/patternlayout.cpp ../Log/log4qt/propertyconfigurator.cpp ../Log/log4qt/rollingfileappender.cpp ../Log/log4qt/simplelayout.cpp ../Log/log4qt/spi/filter.cpp ../Log/log4qt/ttcclayout.cpp ../Log/log4qt/writerappender.cpp ../Log/log4qt/varia/debugappender.cpp ../Log/log4qt/varia/denyallfilter.cpp ../Log/log4qt/varia/nullappender.cpp ../Log/log4qt/varia/levelmatchfilter.cpp ../Log/log4qt/varia/levelrangefilter.cpp ../Log/log4qt/varia/listappender.cpp ../Log/log4qt/varia/stringmatchfilter.cpp ../Log/Log.cpp build_Log/Log1.0.0/ && (cd `dirname build_Log/Log1.0.0` && $(TAR) Log1.0.0.tar Log1.0.0 && $(COMPRESS) Log1.0.0.tar) && $(MOVE) `dirname build_Log/Log1.0.0`/Log1.0.0.tar.gz . && $(DEL_FILE) -r build_Log/Log1.0.0


clean:compiler_clean 
	-$(DEL_FILE) $(OBJECTS)
	-$(DEL_FILE) *~ core *.core


####### Sub-libraries

distclean: clean
	-$(DEL_FILE) bin/$(TARGET) 
	-$(DEL_FILE) bin/$(TARGET0) bin/$(TARGET1) bin/$(TARGET2) $(TARGETA)
	-$(DEL_FILE) Makefile.Log


check: first

mocclean: compiler_moc_header_clean compiler_moc_source_clean

mocables: compiler_moc_header_make_all compiler_moc_source_make_all

compiler_moc_header_make_all: build_Log/moc_appender.cpp build_Log/moc_appenderskeleton.cpp build_Log/moc_consoleappender.cpp build_Log/moc_dailyrollingfileappender.cpp build_Log/moc_fileappender.cpp build_Log/moc_configuratorhelper.cpp build_Log/moc_logobject.cpp build_Log/moc_layout.cpp build_Log/moc_logger.cpp build_Log/moc_patternlayout.cpp build_Log/moc_rollingfileappender.cpp build_Log/moc_simplelayout.cpp build_Log/moc_filter.cpp build_Log/moc_ttcclayout.cpp build_Log/moc_writerappender.cpp build_Log/moc_debugappender.cpp build_Log/moc_denyallfilter.cpp build_Log/moc_nullappender.cpp build_Log/moc_levelmatchfilter.cpp build_Log/moc_levelrangefilter.cpp build_Log/moc_listappender.cpp build_Log/moc_stringmatchfilter.cpp
compiler_moc_header_clean:
	-$(DEL_FILE) build_Log/moc_appender.cpp build_Log/moc_appenderskeleton.cpp build_Log/moc_consoleappender.cpp build_Log/moc_dailyrollingfileappender.cpp build_Log/moc_fileappender.cpp build_Log/moc_configuratorhelper.cpp build_Log/moc_logobject.cpp build_Log/moc_layout.cpp build_Log/moc_logger.cpp build_Log/moc_patternlayout.cpp build_Log/moc_rollingfileappender.cpp build_Log/moc_simplelayout.cpp build_Log/moc_filter.cpp build_Log/moc_ttcclayout.cpp build_Log/moc_writerappender.cpp build_Log/moc_debugappender.cpp build_Log/moc_denyallfilter.cpp build_Log/moc_nullappender.cpp build_Log/moc_levelmatchfilter.cpp build_Log/moc_levelrangefilter.cpp build_Log/moc_listappender.cpp build_Log/moc_stringmatchfilter.cpp
build_Log/moc_appender.cpp: ../Log/log4qt/helpers/logobject.h \
		../Log/log4qt/helpers/classlogger.h \
		../Log/log4qt/helpers/logobjectptr.h \
		../Log/log4qt/logger.h \
		../Log/log4qt/helpers/logerror.h \
		../Log/log4qt/level.h \
		../Log/log4qt/log4qt.h \
		../Log/log4qt/appender.h
	/home/zhangrx/QT/qt/bin/moc $(DEFINES) $(INCPATH) ../Log/log4qt/appender.h -o build_Log/moc_appender.cpp

build_Log/moc_appenderskeleton.cpp: ../Log/log4qt/appender.h \
		../Log/log4qt/helpers/logobject.h \
		../Log/log4qt/helpers/classlogger.h \
		../Log/log4qt/helpers/logobjectptr.h \
		../Log/log4qt/logger.h \
		../Log/log4qt/helpers/logerror.h \
		../Log/log4qt/level.h \
		../Log/log4qt/log4qt.h \
		../Log/log4qt/appenderskeleton.h
	/home/zhangrx/QT/qt/bin/moc $(DEFINES) $(INCPATH) ../Log/log4qt/appenderskeleton.h -o build_Log/moc_appenderskeleton.cpp

build_Log/moc_consoleappender.cpp: ../Log/log4qt/writerappender.h \
		../Log/log4qt/appenderskeleton.h \
		../Log/log4qt/appender.h \
		../Log/log4qt/helpers/logobject.h \
		../Log/log4qt/helpers/classlogger.h \
		../Log/log4qt/helpers/logobjectptr.h \
		../Log/log4qt/logger.h \
		../Log/log4qt/helpers/logerror.h \
		../Log/log4qt/level.h \
		../Log/log4qt/log4qt.h \
		../Log/log4qt/consoleappender.h
	/home/zhangrx/QT/qt/bin/moc $(DEFINES) $(INCPATH) ../Log/log4qt/consoleappender.h -o build_Log/moc_consoleappender.cpp

build_Log/moc_dailyrollingfileappender.cpp: ../Log/log4qt/fileappender.h \
		../Log/log4qt/writerappender.h \
		../Log/log4qt/appenderskeleton.h \
		../Log/log4qt/appender.h \
		../Log/log4qt/helpers/logobject.h \
		../Log/log4qt/helpers/classlogger.h \
		../Log/log4qt/helpers/logobjectptr.h \
		../Log/log4qt/logger.h \
		../Log/log4qt/helpers/logerror.h \
		../Log/log4qt/level.h \
		../Log/log4qt/log4qt.h \
		../Log/log4qt/dailyrollingfileappender.h
	/home/zhangrx/QT/qt/bin/moc $(DEFINES) $(INCPATH) ../Log/log4qt/dailyrollingfileappender.h -o build_Log/moc_dailyrollingfileappender.cpp

build_Log/moc_fileappender.cpp: ../Log/log4qt/writerappender.h \
		../Log/log4qt/appenderskeleton.h \
		../Log/log4qt/appender.h \
		../Log/log4qt/helpers/logobject.h \
		../Log/log4qt/helpers/classlogger.h \
		../Log/log4qt/helpers/logobjectptr.h \
		../Log/log4qt/logger.h \
		../Log/log4qt/helpers/logerror.h \
		../Log/log4qt/level.h \
		../Log/log4qt/log4qt.h \
		../Log/log4qt/fileappender.h
	/home/zhangrx/QT/qt/bin/moc $(DEFINES) $(INCPATH) ../Log/log4qt/fileappender.h -o build_Log/moc_fileappender.cpp

build_Log/moc_configuratorhelper.cpp: ../Log/log4qt/loggingevent.h \
		../Log/log4qt/level.h \
		../Log/log4qt/log4qt.h \
		../Log/log4qt/helpers/configuratorhelper.h
	/home/zhangrx/QT/qt/bin/moc $(DEFINES) $(INCPATH) ../Log/log4qt/helpers/configuratorhelper.h -o build_Log/moc_configuratorhelper.cpp

build_Log/moc_logobject.cpp: ../Log/log4qt/helpers/classlogger.h \
		../Log/log4qt/helpers/logobject.h
	/home/zhangrx/QT/qt/bin/moc $(DEFINES) $(INCPATH) ../Log/log4qt/helpers/logobject.h -o build_Log/moc_logobject.cpp

build_Log/moc_layout.cpp: ../Log/log4qt/helpers/logobject.h \
		../Log/log4qt/helpers/classlogger.h \
		../Log/log4qt/helpers/logobjectptr.h \
		../Log/log4qt/log4qt.h \
		../Log/log4qt/layout.h
	/home/zhangrx/QT/qt/bin/moc $(DEFINES) $(INCPATH) ../Log/log4qt/layout.h -o build_Log/moc_layout.cpp

build_Log/moc_logger.cpp: ../Log/log4qt/helpers/logerror.h \
		../Log/log4qt/helpers/classlogger.h \
		../Log/log4qt/helpers/logobjectptr.h \
		../Log/log4qt/helpers/logobject.h \
		../Log/log4qt/level.h \
		../Log/log4qt/log4qt.h \
		../Log/log4qt/logger.h
	/home/zhangrx/QT/qt/bin/moc $(DEFINES) $(INCPATH) ../Log/log4qt/logger.h -o build_Log/moc_logger.cpp

build_Log/moc_patternlayout.cpp: ../Log/log4qt/layout.h \
		../Log/log4qt/helpers/logobject.h \
		../Log/log4qt/helpers/classlogger.h \
		../Log/log4qt/helpers/logobjectptr.h \
		../Log/log4qt/log4qt.h \
		../Log/log4qt/patternlayout.h
	/home/zhangrx/QT/qt/bin/moc $(DEFINES) $(INCPATH) ../Log/log4qt/patternlayout.h -o build_Log/moc_patternlayout.cpp

build_Log/moc_rollingfileappender.cpp: ../Log/log4qt/fileappender.h \
		../Log/log4qt/writerappender.h \
		../Log/log4qt/appenderskeleton.h \
		../Log/log4qt/appender.h \
		../Log/log4qt/helpers/logobject.h \
		../Log/log4qt/helpers/classlogger.h \
		../Log/log4qt/helpers/logobjectptr.h \
		../Log/log4qt/logger.h \
		../Log/log4qt/helpers/logerror.h \
		../Log/log4qt/level.h \
		../Log/log4qt/log4qt.h \
		../Log/log4qt/rollingfileappender.h
	/home/zhangrx/QT/qt/bin/moc $(DEFINES) $(INCPATH) ../Log/log4qt/rollingfileappender.h -o build_Log/moc_rollingfileappender.cpp

build_Log/moc_simplelayout.cpp: ../Log/log4qt/layout.h \
		../Log/log4qt/helpers/logobject.h \
		../Log/log4qt/helpers/classlogger.h \
		../Log/log4qt/helpers/logobjectptr.h \
		../Log/log4qt/log4qt.h \
		../Log/log4qt/simplelayout.h
	/home/zhangrx/QT/qt/bin/moc $(DEFINES) $(INCPATH) ../Log/log4qt/simplelayout.h -o build_Log/moc_simplelayout.cpp

build_Log/moc_filter.cpp: ../Log/log4qt/helpers/logobject.h \
		../Log/log4qt/helpers/classlogger.h \
		../Log/log4qt/helpers/logobjectptr.h \
		../Log/log4qt/log4qt.h \
		../Log/log4qt/spi/filter.h
	/home/zhangrx/QT/qt/bin/moc $(DEFINES) $(INCPATH) ../Log/log4qt/spi/filter.h -o build_Log/moc_filter.cpp

build_Log/moc_ttcclayout.cpp: ../Log/log4qt/layout.h \
		../Log/log4qt/helpers/logobject.h \
		../Log/log4qt/helpers/classlogger.h \
		../Log/log4qt/helpers/logobjectptr.h \
		../Log/log4qt/log4qt.h \
		../Log/log4qt/ttcclayout.h
	/home/zhangrx/QT/qt/bin/moc $(DEFINES) $(INCPATH) ../Log/log4qt/ttcclayout.h -o build_Log/moc_ttcclayout.cpp

build_Log/moc_writerappender.cpp: ../Log/log4qt/appenderskeleton.h \
		../Log/log4qt/appender.h \
		../Log/log4qt/helpers/logobject.h \
		../Log/log4qt/helpers/classlogger.h \
		../Log/log4qt/helpers/logobjectptr.h \
		../Log/log4qt/logger.h \
		../Log/log4qt/helpers/logerror.h \
		../Log/log4qt/level.h \
		../Log/log4qt/log4qt.h \
		../Log/log4qt/writerappender.h
	/home/zhangrx/QT/qt/bin/moc $(DEFINES) $(INCPATH) ../Log/log4qt/writerappender.h -o build_Log/moc_writerappender.cpp

build_Log/moc_debugappender.cpp: ../Log/log4qt/appenderskeleton.h \
		../Log/log4qt/appender.h \
		../Log/log4qt/helpers/logobject.h \
		../Log/log4qt/helpers/classlogger.h \
		../Log/log4qt/helpers/logobjectptr.h \
		../Log/log4qt/logger.h \
		../Log/log4qt/helpers/logerror.h \
		../Log/log4qt/level.h \
		../Log/log4qt/log4qt.h \
		../Log/log4qt/varia/debugappender.h
	/home/zhangrx/QT/qt/bin/moc $(DEFINES) $(INCPATH) ../Log/log4qt/varia/debugappender.h -o build_Log/moc_debugappender.cpp

build_Log/moc_denyallfilter.cpp: ../Log/log4qt/spi/filter.h \
		../Log/log4qt/helpers/logobject.h \
		../Log/log4qt/helpers/classlogger.h \
		../Log/log4qt/helpers/logobjectptr.h \
		../Log/log4qt/log4qt.h \
		../Log/log4qt/varia/denyallfilter.h
	/home/zhangrx/QT/qt/bin/moc $(DEFINES) $(INCPATH) ../Log/log4qt/varia/denyallfilter.h -o build_Log/moc_denyallfilter.cpp

build_Log/moc_nullappender.cpp: ../Log/log4qt/appenderskeleton.h \
		../Log/log4qt/appender.h \
		../Log/log4qt/helpers/logobject.h \
		../Log/log4qt/helpers/classlogger.h \
		../Log/log4qt/helpers/logobjectptr.h \
		../Log/log4qt/logger.h \
		../Log/log4qt/helpers/logerror.h \
		../Log/log4qt/level.h \
		../Log/log4qt/log4qt.h \
		../Log/log4qt/varia/nullappender.h
	/home/zhangrx/QT/qt/bin/moc $(DEFINES) $(INCPATH) ../Log/log4qt/varia/nullappender.h -o build_Log/moc_nullappender.cpp

build_Log/moc_levelmatchfilter.cpp: ../Log/log4qt/spi/filter.h \
		../Log/log4qt/helpers/logobject.h \
		../Log/log4qt/helpers/classlogger.h \
		../Log/log4qt/helpers/logobjectptr.h \
		../Log/log4qt/log4qt.h \
		../Log/log4qt/level.h \
		../Log/log4qt/varia/levelmatchfilter.h
	/home/zhangrx/QT/qt/bin/moc $(DEFINES) $(INCPATH) ../Log/log4qt/varia/levelmatchfilter.h -o build_Log/moc_levelmatchfilter.cpp

build_Log/moc_levelrangefilter.cpp: ../Log/log4qt/spi/filter.h \
		../Log/log4qt/helpers/logobject.h \
		../Log/log4qt/helpers/classlogger.h \
		../Log/log4qt/helpers/logobjectptr.h \
		../Log/log4qt/log4qt.h \
		../Log/log4qt/level.h \
		../Log/log4qt/varia/levelrangefilter.h
	/home/zhangrx/QT/qt/bin/moc $(DEFINES) $(INCPATH) ../Log/log4qt/varia/levelrangefilter.h -o build_Log/moc_levelrangefilter.cpp

build_Log/moc_listappender.cpp: ../Log/log4qt/appenderskeleton.h \
		../Log/log4qt/appender.h \
		../Log/log4qt/helpers/logobject.h \
		../Log/log4qt/helpers/classlogger.h \
		../Log/log4qt/helpers/logobjectptr.h \
		../Log/log4qt/logger.h \
		../Log/log4qt/helpers/logerror.h \
		../Log/log4qt/level.h \
		../Log/log4qt/log4qt.h \
		../Log/log4qt/loggingevent.h \
		../Log/log4qt/varia/listappender.h
	/home/zhangrx/QT/qt/bin/moc $(DEFINES) $(INCPATH) ../Log/log4qt/varia/listappender.h -o build_Log/moc_listappender.cpp

build_Log/moc_stringmatchfilter.cpp: ../Log/log4qt/spi/filter.h \
		../Log/log4qt/helpers/logobject.h \
		../Log/log4qt/helpers/classlogger.h \
		../Log/log4qt/helpers/logobjectptr.h \
		../Log/log4qt/log4qt.h \
		../Log/log4qt/varia/stringmatchfilter.h
	/home/zhangrx/QT/qt/bin/moc $(DEFINES) $(INCPATH) ../Log/log4qt/varia/stringmatchfilter.h -o build_Log/moc_stringmatchfilter.cpp

compiler_rcc_make_all:
compiler_rcc_clean:
compiler_image_collection_make_all: build_Log/qmake_image_collection.cpp
compiler_image_collection_clean:
	-$(DEL_FILE) build_Log/qmake_image_collection.cpp
compiler_moc_source_make_all:
compiler_moc_source_clean:
compiler_uic_make_all:
compiler_uic_clean:
compiler_yacc_decl_make_all:
compiler_yacc_decl_clean:
compiler_yacc_impl_make_all:
compiler_yacc_impl_clean:
compiler_lex_make_all:
compiler_lex_clean:
compiler_clean: compiler_moc_header_clean 

####### Compile

build_Log/appenderskeleton.o: ../Log/log4qt/appenderskeleton.cpp ../Log/log4qt/appenderskeleton.h \
		../Log/log4qt/appender.h \
		../Log/log4qt/helpers/logobject.h \
		../Log/log4qt/helpers/classlogger.h \
		../Log/log4qt/helpers/logobjectptr.h \
		../Log/log4qt/logger.h \
		../Log/log4qt/helpers/logerror.h \
		../Log/log4qt/level.h \
		../Log/log4qt/log4qt.h \
		../Log/log4qt/layout.h \
		../Log/log4qt/loggingevent.h \
		../Log/log4qt/logmanager.h \
		../Log/log4qt/spi/filter.h
	$(CXX) -c $(CXXFLAGS) $(INCPATH) -o build_Log/appenderskeleton.o ../Log/log4qt/appenderskeleton.cpp

build_Log/basicconfigurator.o: ../Log/log4qt/basicconfigurator.cpp ../Log/log4qt/basicconfigurator.h \
		../Log/log4qt/log4qt.h \
		../Log/log4qt/consoleappender.h \
		../Log/log4qt/writerappender.h \
		../Log/log4qt/appenderskeleton.h \
		../Log/log4qt/appender.h \
		../Log/log4qt/helpers/logobject.h \
		../Log/log4qt/helpers/classlogger.h \
		../Log/log4qt/helpers/logobjectptr.h \
		../Log/log4qt/logger.h \
		../Log/log4qt/helpers/logerror.h \
		../Log/log4qt/level.h \
		../Log/log4qt/helpers/configuratorhelper.h \
		../Log/log4qt/loggingevent.h \
		../Log/log4qt/logmanager.h \
		../Log/log4qt/patternlayout.h \
		../Log/log4qt/layout.h \
		../Log/log4qt/varia/listappender.h
	$(CXX) -c $(CXXFLAGS) $(INCPATH) -o build_Log/basicconfigurator.o ../Log/log4qt/basicconfigurator.cpp

build_Log/consoleappender.o: ../Log/log4qt/consoleappender.cpp ../Log/log4qt/consoleappender.h \
		../Log/log4qt/writerappender.h \
		../Log/log4qt/appenderskeleton.h \
		../Log/log4qt/appender.h \
		../Log/log4qt/helpers/logobject.h \
		../Log/log4qt/helpers/classlogger.h \
		../Log/log4qt/helpers/logobjectptr.h \
		../Log/log4qt/logger.h \
		../Log/log4qt/helpers/logerror.h \
		../Log/log4qt/level.h \
		../Log/log4qt/log4qt.h \
		../Log/log4qt/helpers/optionconverter.h \
		../Log/log4qt/layout.h \
		../Log/log4qt/loggingevent.h
	$(CXX) -c $(CXXFLAGS) $(INCPATH) -o build_Log/consoleappender.o ../Log/log4qt/consoleappender.cpp

build_Log/dailyrollingfileappender.o: ../Log/log4qt/dailyrollingfileappender.cpp ../Log/log4qt/dailyrollingfileappender.h \
		../Log/log4qt/fileappender.h \
		../Log/log4qt/writerappender.h \
		../Log/log4qt/appenderskeleton.h \
		../Log/log4qt/appender.h \
		../Log/log4qt/helpers/logobject.h \
		../Log/log4qt/helpers/classlogger.h \
		../Log/log4qt/helpers/logobjectptr.h \
		../Log/log4qt/logger.h \
		../Log/log4qt/helpers/logerror.h \
		../Log/log4qt/level.h \
		../Log/log4qt/log4qt.h \
		../Log/log4qt/helpers/datetime.h \
		../Log/log4qt/layout.h \
		../Log/log4qt/loggingevent.h
	$(CXX) -c $(CXXFLAGS) $(INCPATH) -o build_Log/dailyrollingfileappender.o ../Log/log4qt/dailyrollingfileappender.cpp

build_Log/fileappender.o: ../Log/log4qt/fileappender.cpp ../Log/log4qt/fileappender.h \
		../Log/log4qt/writerappender.h \
		../Log/log4qt/appenderskeleton.h \
		../Log/log4qt/appender.h \
		../Log/log4qt/helpers/logobject.h \
		../Log/log4qt/helpers/classlogger.h \
		../Log/log4qt/helpers/logobjectptr.h \
		../Log/log4qt/logger.h \
		../Log/log4qt/helpers/logerror.h \
		../Log/log4qt/level.h \
		../Log/log4qt/log4qt.h \
		../Log/log4qt/layout.h \
		../Log/log4qt/loggingevent.h
	$(CXX) -c $(CXXFLAGS) $(INCPATH) -o build_Log/fileappender.o ../Log/log4qt/fileappender.cpp

build_Log/classlogger.o: ../Log/log4qt/helpers/classlogger.cpp ../Log/log4qt/helpers/classlogger.h \
		../Log/log4qt/logmanager.h \
		../Log/log4qt/level.h \
		../Log/log4qt/log4qt.h \
		../Log/log4qt/logger.h \
		../Log/log4qt/helpers/logerror.h \
		../Log/log4qt/helpers/logobjectptr.h \
		../Log/log4qt/helpers/logobject.h
	$(CXX) -c $(CXXFLAGS) $(INCPATH) -o build_Log/classlogger.o ../Log/log4qt/helpers/classlogger.cpp

build_Log/configuratorhelper.o: ../Log/log4qt/helpers/configuratorhelper.cpp ../Log/log4qt/helpers/configuratorhelper.h \
		../Log/log4qt/loggingevent.h \
		../Log/log4qt/level.h \
		../Log/log4qt/log4qt.h \
		../Log/log4qt/helpers/initialisationhelper.h
	$(CXX) -c $(CXXFLAGS) $(INCPATH) -o build_Log/configuratorhelper.o ../Log/log4qt/helpers/configuratorhelper.cpp

build_Log/datetime.o: ../Log/log4qt/helpers/datetime.cpp ../Log/log4qt/helpers/datetime.h \
		../Log/log4qt/helpers/initialisationhelper.h
	$(CXX) -c $(CXXFLAGS) $(INCPATH) -o build_Log/datetime.o ../Log/log4qt/helpers/datetime.cpp

build_Log/factory.o: ../Log/log4qt/helpers/factory.cpp ../Log/log4qt/helpers/factory.h \
		../Log/log4qt/consoleappender.h \
		../Log/log4qt/writerappender.h \
		../Log/log4qt/appenderskeleton.h \
		../Log/log4qt/appender.h \
		../Log/log4qt/helpers/logobject.h \
		../Log/log4qt/helpers/classlogger.h \
		../Log/log4qt/helpers/logobjectptr.h \
		../Log/log4qt/logger.h \
		../Log/log4qt/helpers/logerror.h \
		../Log/log4qt/level.h \
		../Log/log4qt/log4qt.h \
		../Log/log4qt/dailyrollingfileappender.h \
		../Log/log4qt/fileappender.h \
		../Log/log4qt/helpers/initialisationhelper.h \
		../Log/log4qt/helpers/optionconverter.h \
		../Log/log4qt/patternlayout.h \
		../Log/log4qt/layout.h \
		../Log/log4qt/rollingfileappender.h \
		../Log/log4qt/simplelayout.h \
		../Log/log4qt/ttcclayout.h \
		../Log/log4qt/varia/debugappender.h \
		../Log/log4qt/varia/denyallfilter.h \
		../Log/log4qt/spi/filter.h \
		../Log/log4qt/varia/levelmatchfilter.h \
		../Log/log4qt/varia/levelrangefilter.h \
		../Log/log4qt/varia/listappender.h \
		../Log/log4qt/loggingevent.h \
		../Log/log4qt/varia/nullappender.h \
		../Log/log4qt/varia/stringmatchfilter.h
	$(CXX) -c $(CXXFLAGS) $(INCPATH) -o build_Log/factory.o ../Log/log4qt/helpers/factory.cpp

build_Log/initialisationhelper.o: ../Log/log4qt/helpers/initialisationhelper.cpp ../Log/log4qt/helpers/initialisationhelper.h \
		../Log/log4qt/helpers/datetime.h \
		../Log/log4qt/helpers/logerror.h \
		../Log/log4qt/loggingevent.h \
		../Log/log4qt/level.h \
		../Log/log4qt/log4qt.h
	$(CXX) -c $(CXXFLAGS) $(INCPATH) -o build_Log/initialisationhelper.o ../Log/log4qt/helpers/initialisationhelper.cpp

build_Log/logerror.o: ../Log/log4qt/helpers/logerror.cpp ../Log/log4qt/helpers/logerror.h \
		../Log/log4qt/helpers/initialisationhelper.h
	$(CXX) -c $(CXXFLAGS) $(INCPATH) -o build_Log/logerror.o ../Log/log4qt/helpers/logerror.cpp

build_Log/logobject.o: ../Log/log4qt/helpers/logobject.cpp ../Log/log4qt/helpers/logobject.h \
		../Log/log4qt/helpers/classlogger.h
	$(CXX) -c $(CXXFLAGS) $(INCPATH) -o build_Log/logobject.o ../Log/log4qt/helpers/logobject.cpp

build_Log/logobjectptr.o: ../Log/log4qt/helpers/logobjectptr.cpp ../Log/log4qt/helpers/logobjectptr.h \
		../Log/log4qt/helpers/logobject.h \
		../Log/log4qt/helpers/classlogger.h
	$(CXX) -c $(CXXFLAGS) $(INCPATH) -o build_Log/logobjectptr.o ../Log/log4qt/helpers/logobjectptr.cpp

build_Log/optionconverter.o: ../Log/log4qt/helpers/optionconverter.cpp ../Log/log4qt/helpers/optionconverter.h \
		../Log/log4qt/level.h \
		../Log/log4qt/log4qt.h \
		../Log/log4qt/helpers/logerror.h \
		../Log/log4qt/helpers/properties.h \
		../Log/log4qt/logger.h \
		../Log/log4qt/helpers/classlogger.h \
		../Log/log4qt/helpers/logobjectptr.h \
		../Log/log4qt/helpers/logobject.h \
		../Log/log4qt/consoleappender.h \
		../Log/log4qt/writerappender.h \
		../Log/log4qt/appenderskeleton.h \
		../Log/log4qt/appender.h
	$(CXX) -c $(CXXFLAGS) $(INCPATH) -o build_Log/optionconverter.o ../Log/log4qt/helpers/optionconverter.cpp

build_Log/patternformatter.o: ../Log/log4qt/helpers/patternformatter.cpp ../Log/log4qt/helpers/patternformatter.h \
		../Log/log4qt/helpers/datetime.h \
		../Log/log4qt/helpers/logerror.h \
		../Log/log4qt/layout.h \
		../Log/log4qt/helpers/logobject.h \
		../Log/log4qt/helpers/classlogger.h \
		../Log/log4qt/helpers/logobjectptr.h \
		../Log/log4qt/log4qt.h \
		../Log/log4qt/logger.h \
		../Log/log4qt/level.h \
		../Log/log4qt/loggingevent.h
	$(CXX) -c $(CXXFLAGS) $(INCPATH) -o build_Log/patternformatter.o ../Log/log4qt/helpers/patternformatter.cpp

build_Log/properties.o: ../Log/log4qt/helpers/properties.cpp ../Log/log4qt/helpers/properties.h \
		../Log/log4qt/logger.h \
		../Log/log4qt/helpers/logerror.h \
		../Log/log4qt/helpers/classlogger.h \
		../Log/log4qt/helpers/logobjectptr.h \
		../Log/log4qt/helpers/logobject.h \
		../Log/log4qt/level.h \
		../Log/log4qt/log4qt.h
	$(CXX) -c $(CXXFLAGS) $(INCPATH) -o build_Log/properties.o ../Log/log4qt/helpers/properties.cpp

build_Log/hierarchy.o: ../Log/log4qt/hierarchy.cpp ../Log/log4qt/hierarchy.h \
		../Log/log4qt/loggerrepository.h \
		../Log/log4qt/level.h \
		../Log/log4qt/log4qt.h \
		../Log/log4qt/logger.h \
		../Log/log4qt/helpers/logerror.h \
		../Log/log4qt/helpers/classlogger.h \
		../Log/log4qt/helpers/logobjectptr.h \
		../Log/log4qt/helpers/logobject.h
	$(CXX) -c $(CXXFLAGS) $(INCPATH) -o build_Log/hierarchy.o ../Log/log4qt/hierarchy.cpp

build_Log/layout.o: ../Log/log4qt/layout.cpp ../Log/log4qt/layout.h \
		../Log/log4qt/helpers/logobject.h \
		../Log/log4qt/helpers/classlogger.h \
		../Log/log4qt/helpers/logobjectptr.h \
		../Log/log4qt/log4qt.h \
		../Log/log4qt/loggingevent.h \
		../Log/log4qt/level.h \
		../Log/log4qt/logmanager.h \
		../Log/log4qt/logger.h \
		../Log/log4qt/helpers/logerror.h
	$(CXX) -c $(CXXFLAGS) $(INCPATH) -o build_Log/layout.o ../Log/log4qt/layout.cpp

build_Log/level.o: ../Log/log4qt/level.cpp ../Log/log4qt/level.h \
		../Log/log4qt/log4qt.h \
		../Log/log4qt/logger.h \
		../Log/log4qt/helpers/logerror.h \
		../Log/log4qt/helpers/classlogger.h \
		../Log/log4qt/helpers/logobjectptr.h \
		../Log/log4qt/helpers/logobject.h
	$(CXX) -c $(CXXFLAGS) $(INCPATH) -o build_Log/level.o ../Log/log4qt/level.cpp

build_Log/log4qt.o: ../Log/log4qt/log4qt.cpp ../Log/log4qt/log4qt.h
	$(CXX) -c $(CXXFLAGS) $(INCPATH) -o build_Log/log4qt.o ../Log/log4qt/log4qt.cpp

build_Log/logger.o: ../Log/log4qt/logger.cpp ../Log/log4qt/logger.h \
		../Log/log4qt/helpers/logerror.h \
		../Log/log4qt/helpers/classlogger.h \
		../Log/log4qt/helpers/logobjectptr.h \
		../Log/log4qt/helpers/logobject.h \
		../Log/log4qt/level.h \
		../Log/log4qt/log4qt.h \
		../Log/log4qt/appenderskeleton.h \
		../Log/log4qt/appender.h \
		../Log/log4qt/varia/listappender.h \
		../Log/log4qt/loggingevent.h \
		../Log/log4qt/loggerrepository.h \
		../Log/log4qt/logmanager.h
	$(CXX) -c $(CXXFLAGS) $(INCPATH) -o build_Log/logger.o ../Log/log4qt/logger.cpp

build_Log/loggerrepository.o: ../Log/log4qt/loggerrepository.cpp ../Log/log4qt/loggerrepository.h \
		../Log/log4qt/level.h \
		../Log/log4qt/log4qt.h
	$(CXX) -c $(CXXFLAGS) $(INCPATH) -o build_Log/loggerrepository.o ../Log/log4qt/loggerrepository.cpp

build_Log/loggingevent.o: ../Log/log4qt/loggingevent.cpp ../Log/log4qt/loggingevent.h \
		../Log/log4qt/level.h \
		../Log/log4qt/log4qt.h \
		../Log/log4qt/helpers/datetime.h \
		../Log/log4qt/helpers/initialisationhelper.h \
		../Log/log4qt/logger.h \
		../Log/log4qt/helpers/logerror.h \
		../Log/log4qt/helpers/classlogger.h \
		../Log/log4qt/helpers/logobjectptr.h \
		../Log/log4qt/helpers/logobject.h \
		../Log/log4qt/mdc.h \
		../Log/log4qt/ndc.h
	$(CXX) -c $(CXXFLAGS) $(INCPATH) -o build_Log/loggingevent.o ../Log/log4qt/loggingevent.cpp

build_Log/logmanager.o: ../Log/log4qt/logmanager.cpp ../Log/log4qt/logmanager.h \
		../Log/log4qt/level.h \
		../Log/log4qt/log4qt.h \
		../Log/log4qt/logger.h \
		../Log/log4qt/helpers/logerror.h \
		../Log/log4qt/helpers/classlogger.h \
		../Log/log4qt/helpers/logobjectptr.h \
		../Log/log4qt/helpers/logobject.h \
		../Log/log4qt/consoleappender.h \
		../Log/log4qt/writerappender.h \
		../Log/log4qt/appenderskeleton.h \
		../Log/log4qt/appender.h \
		../Log/log4qt/helpers/datetime.h \
		../Log/log4qt/helpers/initialisationhelper.h \
		../Log/log4qt/helpers/optionconverter.h \
		../Log/log4qt/hierarchy.h \
		../Log/log4qt/loggerrepository.h \
		../Log/log4qt/propertyconfigurator.h \
		../Log/log4qt/ttcclayout.h \
		../Log/log4qt/layout.h \
		../Log/log4qt/varia/denyallfilter.h \
		../Log/log4qt/spi/filter.h \
		../Log/log4qt/varia/levelrangefilter.h
	$(CXX) -c $(CXXFLAGS) $(INCPATH) -o build_Log/logmanager.o ../Log/log4qt/logmanager.cpp

build_Log/mdc.o: ../Log/log4qt/mdc.cpp ../Log/log4qt/mdc.h \
		../Log/log4qt/log4qt.h \
		../Log/log4qt/helpers/initialisationhelper.h \
		../Log/log4qt/logger.h \
		../Log/log4qt/helpers/logerror.h \
		../Log/log4qt/helpers/classlogger.h \
		../Log/log4qt/helpers/logobjectptr.h \
		../Log/log4qt/helpers/logobject.h \
		../Log/log4qt/level.h
	$(CXX) -c $(CXXFLAGS) $(INCPATH) -o build_Log/mdc.o ../Log/log4qt/mdc.cpp

build_Log/ndc.o: ../Log/log4qt/ndc.cpp ../Log/log4qt/ndc.h \
		../Log/log4qt/log4qt.h \
		../Log/log4qt/helpers/initialisationhelper.h \
		../Log/log4qt/logger.h \
		../Log/log4qt/helpers/logerror.h \
		../Log/log4qt/helpers/classlogger.h \
		../Log/log4qt/helpers/logobjectptr.h \
		../Log/log4qt/helpers/logobject.h \
		../Log/log4qt/level.h
	$(CXX) -c $(CXXFLAGS) $(INCPATH) -o build_Log/ndc.o ../Log/log4qt/ndc.cpp

build_Log/patternlayout.o: ../Log/log4qt/patternlayout.cpp ../Log/log4qt/patternlayout.h \
		../Log/log4qt/layout.h \
		../Log/log4qt/helpers/logobject.h \
		../Log/log4qt/helpers/classlogger.h \
		../Log/log4qt/helpers/logobjectptr.h \
		../Log/log4qt/log4qt.h \
		../Log/log4qt/helpers/patternformatter.h \
		../Log/log4qt/loggingevent.h \
		../Log/log4qt/level.h
	$(CXX) -c $(CXXFLAGS) $(INCPATH) -o build_Log/patternlayout.o ../Log/log4qt/patternlayout.cpp

build_Log/propertyconfigurator.o: ../Log/log4qt/propertyconfigurator.cpp ../Log/log4qt/propertyconfigurator.h \
		../Log/log4qt/helpers/logobjectptr.h \
		../Log/log4qt/helpers/logobject.h \
		../Log/log4qt/helpers/classlogger.h \
		../Log/log4qt/log4qt.h \
		../Log/log4qt/helpers/configuratorhelper.h \
		../Log/log4qt/loggingevent.h \
		../Log/log4qt/level.h \
		../Log/log4qt/helpers/factory.h \
		../Log/log4qt/helpers/optionconverter.h \
		../Log/log4qt/helpers/properties.h \
		../Log/log4qt/appender.h \
		../Log/log4qt/logger.h \
		../Log/log4qt/helpers/logerror.h \
		../Log/log4qt/layout.h \
		../Log/log4qt/logmanager.h \
		../Log/log4qt/loggerrepository.h \
		../Log/log4qt/varia/listappender.h \
		../Log/log4qt/appenderskeleton.h
	$(CXX) -c $(CXXFLAGS) $(INCPATH) -o build_Log/propertyconfigurator.o ../Log/log4qt/propertyconfigurator.cpp

build_Log/rollingfileappender.o: ../Log/log4qt/rollingfileappender.cpp ../Log/log4qt/rollingfileappender.h \
		../Log/log4qt/fileappender.h \
		../Log/log4qt/writerappender.h \
		../Log/log4qt/appenderskeleton.h \
		../Log/log4qt/appender.h \
		../Log/log4qt/helpers/logobject.h \
		../Log/log4qt/helpers/classlogger.h \
		../Log/log4qt/helpers/logobjectptr.h \
		../Log/log4qt/logger.h \
		../Log/log4qt/helpers/logerror.h \
		../Log/log4qt/level.h \
		../Log/log4qt/log4qt.h \
		../Log/log4qt/helpers/optionconverter.h \
		../Log/log4qt/layout.h \
		../Log/log4qt/loggingevent.h
	$(CXX) -c $(CXXFLAGS) $(INCPATH) -o build_Log/rollingfileappender.o ../Log/log4qt/rollingfileappender.cpp

build_Log/simplelayout.o: ../Log/log4qt/simplelayout.cpp ../Log/log4qt/simplelayout.h \
		../Log/log4qt/layout.h \
		../Log/log4qt/helpers/logobject.h \
		../Log/log4qt/helpers/classlogger.h \
		../Log/log4qt/helpers/logobjectptr.h \
		../Log/log4qt/log4qt.h \
		../Log/log4qt/loggingevent.h \
		../Log/log4qt/level.h
	$(CXX) -c $(CXXFLAGS) $(INCPATH) -o build_Log/simplelayout.o ../Log/log4qt/simplelayout.cpp

build_Log/filter.o: ../Log/log4qt/spi/filter.cpp ../Log/log4qt/spi/filter.h \
		../Log/log4qt/helpers/logobject.h \
		../Log/log4qt/helpers/classlogger.h \
		../Log/log4qt/helpers/logobjectptr.h \
		../Log/log4qt/log4qt.h
	$(CXX) -c $(CXXFLAGS) $(INCPATH) -o build_Log/filter.o ../Log/log4qt/spi/filter.cpp

build_Log/ttcclayout.o: ../Log/log4qt/ttcclayout.cpp ../Log/log4qt/ttcclayout.h \
		../Log/log4qt/layout.h \
		../Log/log4qt/helpers/logobject.h \
		../Log/log4qt/helpers/classlogger.h \
		../Log/log4qt/helpers/logobjectptr.h \
		../Log/log4qt/log4qt.h \
		../Log/log4qt/helpers/datetime.h \
		../Log/log4qt/helpers/patternformatter.h \
		../Log/log4qt/logger.h \
		../Log/log4qt/helpers/logerror.h \
		../Log/log4qt/level.h \
		../Log/log4qt/loggingevent.h
	$(CXX) -c $(CXXFLAGS) $(INCPATH) -o build_Log/ttcclayout.o ../Log/log4qt/ttcclayout.cpp

build_Log/writerappender.o: ../Log/log4qt/writerappender.cpp ../Log/log4qt/writerappender.h \
		../Log/log4qt/appenderskeleton.h \
		../Log/log4qt/appender.h \
		../Log/log4qt/helpers/logobject.h \
		../Log/log4qt/helpers/classlogger.h \
		../Log/log4qt/helpers/logobjectptr.h \
		../Log/log4qt/logger.h \
		../Log/log4qt/helpers/logerror.h \
		../Log/log4qt/level.h \
		../Log/log4qt/log4qt.h \
		../Log/log4qt/layout.h \
		../Log/log4qt/loggingevent.h
	$(CXX) -c $(CXXFLAGS) $(INCPATH) -o build_Log/writerappender.o ../Log/log4qt/writerappender.cpp

build_Log/debugappender.o: ../Log/log4qt/varia/debugappender.cpp ../Log/log4qt/varia/debugappender.h \
		../Log/log4qt/appenderskeleton.h \
		../Log/log4qt/appender.h \
		../Log/log4qt/helpers/logobject.h \
		../Log/log4qt/helpers/classlogger.h \
		../Log/log4qt/helpers/logobjectptr.h \
		../Log/log4qt/logger.h \
		../Log/log4qt/helpers/logerror.h \
		../Log/log4qt/level.h \
		../Log/log4qt/log4qt.h \
		../Log/log4qt/layout.h \
		../Log/log4qt/loggingevent.h
	$(CXX) -c $(CXXFLAGS) $(INCPATH) -o build_Log/debugappender.o ../Log/log4qt/varia/debugappender.cpp

build_Log/denyallfilter.o: ../Log/log4qt/varia/denyallfilter.cpp ../Log/log4qt/varia/denyallfilter.h \
		../Log/log4qt/spi/filter.h \
		../Log/log4qt/helpers/logobject.h \
		../Log/log4qt/helpers/classlogger.h \
		../Log/log4qt/helpers/logobjectptr.h \
		../Log/log4qt/log4qt.h
	$(CXX) -c $(CXXFLAGS) $(INCPATH) -o build_Log/denyallfilter.o ../Log/log4qt/varia/denyallfilter.cpp

build_Log/nullappender.o: ../Log/log4qt/varia/nullappender.cpp ../Log/log4qt/varia/nullappender.h \
		../Log/log4qt/appenderskeleton.h \
		../Log/log4qt/appender.h \
		../Log/log4qt/helpers/logobject.h \
		../Log/log4qt/helpers/classlogger.h \
		../Log/log4qt/helpers/logobjectptr.h \
		../Log/log4qt/logger.h \
		../Log/log4qt/helpers/logerror.h \
		../Log/log4qt/level.h \
		../Log/log4qt/log4qt.h \
		../Log/log4qt/layout.h \
		../Log/log4qt/loggingevent.h
	$(CXX) -c $(CXXFLAGS) $(INCPATH) -o build_Log/nullappender.o ../Log/log4qt/varia/nullappender.cpp

build_Log/levelmatchfilter.o: ../Log/log4qt/varia/levelmatchfilter.cpp ../Log/log4qt/varia/levelmatchfilter.h \
		../Log/log4qt/spi/filter.h \
		../Log/log4qt/helpers/logobject.h \
		../Log/log4qt/helpers/classlogger.h \
		../Log/log4qt/helpers/logobjectptr.h \
		../Log/log4qt/log4qt.h \
		../Log/log4qt/level.h \
		../Log/log4qt/loggingevent.h
	$(CXX) -c $(CXXFLAGS) $(INCPATH) -o build_Log/levelmatchfilter.o ../Log/log4qt/varia/levelmatchfilter.cpp

build_Log/levelrangefilter.o: ../Log/log4qt/varia/levelrangefilter.cpp ../Log/log4qt/varia/levelrangefilter.h \
		../Log/log4qt/spi/filter.h \
		../Log/log4qt/helpers/logobject.h \
		../Log/log4qt/helpers/classlogger.h \
		../Log/log4qt/helpers/logobjectptr.h \
		../Log/log4qt/log4qt.h \
		../Log/log4qt/level.h \
		../Log/log4qt/loggingevent.h
	$(CXX) -c $(CXXFLAGS) $(INCPATH) -o build_Log/levelrangefilter.o ../Log/log4qt/varia/levelrangefilter.cpp

build_Log/listappender.o: ../Log/log4qt/varia/listappender.cpp ../Log/log4qt/varia/listappender.h \
		../Log/log4qt/appenderskeleton.h \
		../Log/log4qt/appender.h \
		../Log/log4qt/helpers/logobject.h \
		../Log/log4qt/helpers/classlogger.h \
		../Log/log4qt/helpers/logobjectptr.h \
		../Log/log4qt/logger.h \
		../Log/log4qt/helpers/logerror.h \
		../Log/log4qt/level.h \
		../Log/log4qt/log4qt.h \
		../Log/log4qt/loggingevent.h
	$(CXX) -c $(CXXFLAGS) $(INCPATH) -o build_Log/listappender.o ../Log/log4qt/varia/listappender.cpp

build_Log/stringmatchfilter.o: ../Log/log4qt/varia/stringmatchfilter.cpp ../Log/log4qt/varia/stringmatchfilter.h \
		../Log/log4qt/spi/filter.h \
		../Log/log4qt/helpers/logobject.h \
		../Log/log4qt/helpers/classlogger.h \
		../Log/log4qt/helpers/logobjectptr.h \
		../Log/log4qt/log4qt.h \
		../Log/log4qt/loggingevent.h \
		../Log/log4qt/level.h
	$(CXX) -c $(CXXFLAGS) $(INCPATH) -o build_Log/stringmatchfilter.o ../Log/log4qt/varia/stringmatchfilter.cpp

build_Log/Log.o: ../Log/Log.cpp ../Log/Log.h \
		../Log/log4qt/logger.h \
		../Log/log4qt/helpers/logerror.h \
		../Log/log4qt/helpers/classlogger.h \
		../Log/log4qt/helpers/logobjectptr.h \
		../Log/log4qt/helpers/logobject.h \
		../Log/log4qt/level.h \
		../Log/log4qt/log4qt.h \
		../Log/log4qt/propertyconfigurator.h
	$(CXX) -c $(CXXFLAGS) $(INCPATH) -o build_Log/Log.o ../Log/Log.cpp

build_Log/moc_appender.o: build_Log/moc_appender.cpp 
	$(CXX) -c $(CXXFLAGS) $(INCPATH) -o build_Log/moc_appender.o build_Log/moc_appender.cpp

build_Log/moc_appenderskeleton.o: build_Log/moc_appenderskeleton.cpp 
	$(CXX) -c $(CXXFLAGS) $(INCPATH) -o build_Log/moc_appenderskeleton.o build_Log/moc_appenderskeleton.cpp

build_Log/moc_consoleappender.o: build_Log/moc_consoleappender.cpp 
	$(CXX) -c $(CXXFLAGS) $(INCPATH) -o build_Log/moc_consoleappender.o build_Log/moc_consoleappender.cpp

build_Log/moc_dailyrollingfileappender.o: build_Log/moc_dailyrollingfileappender.cpp 
	$(CXX) -c $(CXXFLAGS) $(INCPATH) -o build_Log/moc_dailyrollingfileappender.o build_Log/moc_dailyrollingfileappender.cpp

build_Log/moc_fileappender.o: build_Log/moc_fileappender.cpp 
	$(CXX) -c $(CXXFLAGS) $(INCPATH) -o build_Log/moc_fileappender.o build_Log/moc_fileappender.cpp

build_Log/moc_configuratorhelper.o: build_Log/moc_configuratorhelper.cpp 
	$(CXX) -c $(CXXFLAGS) $(INCPATH) -o build_Log/moc_configuratorhelper.o build_Log/moc_configuratorhelper.cpp

build_Log/moc_logobject.o: build_Log/moc_logobject.cpp 
	$(CXX) -c $(CXXFLAGS) $(INCPATH) -o build_Log/moc_logobject.o build_Log/moc_logobject.cpp

build_Log/moc_layout.o: build_Log/moc_layout.cpp 
	$(CXX) -c $(CXXFLAGS) $(INCPATH) -o build_Log/moc_layout.o build_Log/moc_layout.cpp

build_Log/moc_logger.o: build_Log/moc_logger.cpp 
	$(CXX) -c $(CXXFLAGS) $(INCPATH) -o build_Log/moc_logger.o build_Log/moc_logger.cpp

build_Log/moc_patternlayout.o: build_Log/moc_patternlayout.cpp 
	$(CXX) -c $(CXXFLAGS) $(INCPATH) -o build_Log/moc_patternlayout.o build_Log/moc_patternlayout.cpp

build_Log/moc_rollingfileappender.o: build_Log/moc_rollingfileappender.cpp 
	$(CXX) -c $(CXXFLAGS) $(INCPATH) -o build_Log/moc_rollingfileappender.o build_Log/moc_rollingfileappender.cpp

build_Log/moc_simplelayout.o: build_Log/moc_simplelayout.cpp 
	$(CXX) -c $(CXXFLAGS) $(INCPATH) -o build_Log/moc_simplelayout.o build_Log/moc_simplelayout.cpp

build_Log/moc_filter.o: build_Log/moc_filter.cpp 
	$(CXX) -c $(CXXFLAGS) $(INCPATH) -o build_Log/moc_filter.o build_Log/moc_filter.cpp

build_Log/moc_ttcclayout.o: build_Log/moc_ttcclayout.cpp 
	$(CXX) -c $(CXXFLAGS) $(INCPATH) -o build_Log/moc_ttcclayout.o build_Log/moc_ttcclayout.cpp

build_Log/moc_writerappender.o: build_Log/moc_writerappender.cpp 
	$(CXX) -c $(CXXFLAGS) $(INCPATH) -o build_Log/moc_writerappender.o build_Log/moc_writerappender.cpp

build_Log/moc_debugappender.o: build_Log/moc_debugappender.cpp 
	$(CXX) -c $(CXXFLAGS) $(INCPATH) -o build_Log/moc_debugappender.o build_Log/moc_debugappender.cpp

build_Log/moc_denyallfilter.o: build_Log/moc_denyallfilter.cpp 
	$(CXX) -c $(CXXFLAGS) $(INCPATH) -o build_Log/moc_denyallfilter.o build_Log/moc_denyallfilter.cpp

build_Log/moc_nullappender.o: build_Log/moc_nullappender.cpp 
	$(CXX) -c $(CXXFLAGS) $(INCPATH) -o build_Log/moc_nullappender.o build_Log/moc_nullappender.cpp

build_Log/moc_levelmatchfilter.o: build_Log/moc_levelmatchfilter.cpp 
	$(CXX) -c $(CXXFLAGS) $(INCPATH) -o build_Log/moc_levelmatchfilter.o build_Log/moc_levelmatchfilter.cpp

build_Log/moc_levelrangefilter.o: build_Log/moc_levelrangefilter.cpp 
	$(CXX) -c $(CXXFLAGS) $(INCPATH) -o build_Log/moc_levelrangefilter.o build_Log/moc_levelrangefilter.cpp

build_Log/moc_listappender.o: build_Log/moc_listappender.cpp 
	$(CXX) -c $(CXXFLAGS) $(INCPATH) -o build_Log/moc_listappender.o build_Log/moc_listappender.cpp

build_Log/moc_stringmatchfilter.o: build_Log/moc_stringmatchfilter.cpp 
	$(CXX) -c $(CXXFLAGS) $(INCPATH) -o build_Log/moc_stringmatchfilter.o build_Log/moc_stringmatchfilter.cpp

####### Install

install:   FORCE

uninstall:   FORCE

FORCE:

